This file contains any messages produced by compilers while
running configure, to aid debugging if configure makes a mistake.

It was created by ICU configure 73.2, which was
generated by GNU Autoconf 2.69.  Invocation command line was

  $ ./configure 

## --------- ##
## Platform. ##
## --------- ##

hostname = WK5CG0217Y8NMID
uname -m = x86_64
uname -r = 5.15.146.1-microsoft-standard-WSL2
uname -s = Linux
uname -v = #1 SMP Thu Jan 11 04:09:03 UTC 2024

/usr/bin/uname -p = x86_64
/bin/uname -X     = unknown

/bin/arch              = x86_64
/usr/bin/arch -k       = unknown
/usr/convex/getsysinfo = unknown
/usr/bin/hostinfo      = unknown
/bin/machine           = unknown
/usr/bin/oslevel       = unknown
/bin/universe          = unknown

PATH: /home/award/oii-fsds-textanalysis/.venv/bin
PATH: /home/award/anaconda3/bin
PATH: /home/award/.vscode-server/bin/912bb683695358a54ae0c670461738984cbb5b95/bin/remote-cli
PATH: /home/award/anaconda3/bin
PATH: /home/award/.cargo/bin
PATH: /usr/local/sbin
PATH: /usr/local/bin
PATH: /usr/sbin
PATH: /usr/bin
PATH: /sbin
PATH: /bin
PATH: /usr/games
PATH: /usr/local/games
PATH: /usr/lib/wsl/lib
PATH: /mnt/c/Program Files (x86)/Common Files/Oracle/Java/java8path
PATH: /mnt/c/Program Files (x86)/Common Files/Oracle/Java/javapath
PATH: /mnt/c/WINDOWS/system32
PATH: /mnt/c/WINDOWS
PATH: /mnt/c/WINDOWS/System32/Wbem
PATH: /mnt/c/WINDOWS/System32/WindowsPowerShell/v1.0/
PATH: /mnt/c/WINDOWS/System32/OpenSSH/
PATH: /mnt/c/Program Files (x86)/Common Files/Oracle/Java/java8path
PATH: /mnt/c/Program Files (x86)/Common Files/Oracle/Java/javapath
PATH: /mnt/c/WINDOWS/system32
PATH: /mnt/c/WINDOWS
PATH: /mnt/c/WINDOWS/System32/Wbem
PATH: /mnt/c/WINDOWS/System32/WindowsPowerShell/v1.0/
PATH: /mnt/c/WINDOWS/System32/OpenSSH/
PATH: /mnt/c/Users/2024/AppData/Local/Programs/Python/Python313/Scripts
PATH: /mnt/c/Users/2024/AppData/Local/Programs/Microsoft VS Code/bin
PATH: /snap/bin


## ----------- ##
## Core tests. ##
## ----------- ##

configure:2706: checking for ICU version numbers
configure:2739: result: release 73.2, library 73.2, unicode version 15.0
configure:2778: checking build system type
configure:2792: result: x86_64-pc-linux-gnu
configure:2812: checking host system type
configure:2825: result: x86_64-pc-linux-gnu
configure:2883: checking whether to build debug libraries
configure:2895: result: no
configure:2900: checking whether to build release libraries
configure:2912: result: yes
configure:2975: checking for clang
configure:3005: result: no
configure:2975: checking for gcc
configure:2991: found /usr/bin/gcc
configure:3002: result: gcc
configure:3033: checking for C compiler version
configure:3042: gcc --version >&5
gcc (Ubuntu 13.2.0-23ubuntu4) 13.2.0
Copyright (C) 2023 Free Software Foundation, Inc.
This is free software; see the source for copying conditions.  There is NO
warranty; not even for MERCHANTABILITY or FITNESS FOR A PARTICULAR PURPOSE.

configure:3053: $? = 0
configure:3042: gcc -v >&5
Using built-in specs.
COLLECT_GCC=gcc
COLLECT_LTO_WRAPPER=/usr/libexec/gcc/x86_64-linux-gnu/13/lto-wrapper
OFFLOAD_TARGET_NAMES=nvptx-none:amdgcn-amdhsa
OFFLOAD_TARGET_DEFAULT=1
Target: x86_64-linux-gnu
Configured with: ../src/configure -v --with-pkgversion='Ubuntu 13.2.0-23ubuntu4' --with-bugurl=file:///usr/share/doc/gcc-13/README.Bugs --enable-languages=c,ada,c++,go,d,fortran,objc,obj-c++,m2 --prefix=/usr --with-gcc-major-version-only --program-suffix=-13 --program-prefix=x86_64-linux-gnu- --enable-shared --enable-linker-build-id --libexecdir=/usr/libexec --without-included-gettext --enable-threads=posix --libdir=/usr/lib --enable-nls --enable-clocale=gnu --enable-libstdcxx-debug --enable-libstdcxx-time=yes --with-default-libstdcxx-abi=new --enable-libstdcxx-backtrace --enable-gnu-unique-object --disable-vtable-verify --enable-plugin --enable-default-pie --with-system-zlib --enable-libphobos-checking=release --with-target-system-zlib=auto --enable-objc-gc=auto --enable-multiarch --disable-werror --enable-cet --with-arch-32=i686 --with-abi=m64 --with-multilib-list=m32,m64,mx32 --enable-multilib --with-tune=generic --enable-offload-targets=nvptx-none=/build/gcc-13-uJ7kn6/gcc-13-13.2.0/debian/tmp-nvptx/usr,amdgcn-amdhsa=/build/gcc-13-uJ7kn6/gcc-13-13.2.0/debian/tmp-gcn/usr --enable-offload-defaulted --without-cuda-driver --enable-checking=release --build=x86_64-linux-gnu --host=x86_64-linux-gnu --target=x86_64-linux-gnu
Thread model: posix
Supported LTO compression algorithms: zlib zstd
gcc version 13.2.0 (Ubuntu 13.2.0-23ubuntu4) 
... rest of stderr output deleted ...
configure:3053: $? = 0
configure:3042: gcc -V >&5
gcc: error: unrecognized command-line option '-V'
gcc: fatal error: no input files
compilation terminated.
configure:3053: $? = 1
configure:3042: gcc -qversion >&5
gcc: error: unrecognized command-line option '-qversion'; did you mean '--version'?
gcc: fatal error: no input files
compilation terminated.
configure:3053: $? = 1
configure:3073: checking whether the C compiler works
configure:3095: gcc    conftest.c  >&5
configure:3099: $? = 0
configure:3147: result: yes
configure:3150: checking for C compiler default output file name
configure:3152: result: a.out
configure:3158: checking for suffix of executables
configure:3165: gcc -o conftest    conftest.c  >&5
configure:3169: $? = 0
configure:3191: result: 
configure:3213: checking whether we are cross compiling
configure:3221: gcc -o conftest    conftest.c  >&5
configure:3225: $? = 0
configure:3232: ./conftest
configure:3236: $? = 0
configure:3251: result: no
configure:3256: checking for suffix of object files
configure:3278: gcc -c   conftest.c >&5
configure:3282: $? = 0
configure:3303: result: o
configure:3307: checking whether we are using the GNU C compiler
configure:3326: gcc -c   conftest.c >&5
configure:3326: $? = 0
configure:3335: result: yes
configure:3344: checking whether gcc accepts -g
configure:3364: gcc -c -g  conftest.c >&5
configure:3364: $? = 0
configure:3405: result: yes
configure:3422: checking for gcc option to accept ISO C89
configure:3485: gcc  -c   conftest.c >&5
configure:3485: $? = 0
configure:3498: result: none needed
configure:3578: checking for clang++
configure:3608: result: no
configure:3578: checking for g++
configure:3594: found /usr/bin/g++
configure:3605: result: g++
configure:3632: checking for C++ compiler version
configure:3641: g++ --version >&5
g++ (Ubuntu 13.2.0-23ubuntu4) 13.2.0
Copyright (C) 2023 Free Software Foundation, Inc.
This is free software; see the source for copying conditions.  There is NO
warranty; not even for MERCHANTABILITY or FITNESS FOR A PARTICULAR PURPOSE.

configure:3652: $? = 0
configure:3641: g++ -v >&5
Using built-in specs.
COLLECT_GCC=g++
COLLECT_LTO_WRAPPER=/usr/libexec/gcc/x86_64-linux-gnu/13/lto-wrapper
OFFLOAD_TARGET_NAMES=nvptx-none:amdgcn-amdhsa
OFFLOAD_TARGET_DEFAULT=1
Target: x86_64-linux-gnu
Configured with: ../src/configure -v --with-pkgversion='Ubuntu 13.2.0-23ubuntu4' --with-bugurl=file:///usr/share/doc/gcc-13/README.Bugs --enable-languages=c,ada,c++,go,d,fortran,objc,obj-c++,m2 --prefix=/usr --with-gcc-major-version-only --program-suffix=-13 --program-prefix=x86_64-linux-gnu- --enable-shared --enable-linker-build-id --libexecdir=/usr/libexec --without-included-gettext --enable-threads=posix --libdir=/usr/lib --enable-nls --enable-clocale=gnu --enable-libstdcxx-debug --enable-libstdcxx-time=yes --with-default-libstdcxx-abi=new --enable-libstdcxx-backtrace --enable-gnu-unique-object --disable-vtable-verify --enable-plugin --enable-default-pie --with-system-zlib --enable-libphobos-checking=release --with-target-system-zlib=auto --enable-objc-gc=auto --enable-multiarch --disable-werror --enable-cet --with-arch-32=i686 --with-abi=m64 --with-multilib-list=m32,m64,mx32 --enable-multilib --with-tune=generic --enable-offload-targets=nvptx-none=/build/gcc-13-uJ7kn6/gcc-13-13.2.0/debian/tmp-nvptx/usr,amdgcn-amdhsa=/build/gcc-13-uJ7kn6/gcc-13-13.2.0/debian/tmp-gcn/usr --enable-offload-defaulted --without-cuda-driver --enable-checking=release --build=x86_64-linux-gnu --host=x86_64-linux-gnu --target=x86_64-linux-gnu
Thread model: posix
Supported LTO compression algorithms: zlib zstd
gcc version 13.2.0 (Ubuntu 13.2.0-23ubuntu4) 
... rest of stderr output deleted ...
configure:3652: $? = 0
configure:3641: g++ -V >&5
g++: error: unrecognized command-line option '-V'
g++: fatal error: no input files
compilation terminated.
configure:3652: $? = 1
configure:3641: g++ -qversion >&5
g++: error: unrecognized command-line option '-qversion'; did you mean '--version'?
g++: fatal error: no input files
compilation terminated.
configure:3652: $? = 1
configure:3656: checking whether we are using the GNU C++ compiler
configure:3675: g++ -c   conftest.cpp >&5
configure:3675: $? = 0
configure:3684: result: yes
configure:3693: checking whether g++ accepts -g
configure:3713: g++ -c -g  conftest.cpp >&5
configure:3713: $? = 0
configure:3754: result: yes
configure:3833: checking for pkg-config
configure:3866: result: no
configure:3901: checking for ICULEHB
configure:3960: result: no
configure:3997: checking how to run the C preprocessor
configure:4028: gcc -E  conftest.c
configure:4028: $? = 0
configure:4042: gcc -E  conftest.c
conftest.c:9:10: fatal error: ac_nonexistent.h: No such file or directory
    9 | #include <ac_nonexistent.h>
      |          ^~~~~~~~~~~~~~~~~~
compilation terminated.
configure:4042: $? = 1
configure: failed program was:
| /* confdefs.h */
| #define PACKAGE_NAME "ICU"
| #define PACKAGE_TARNAME "International Components for Unicode"
| #define PACKAGE_VERSION "73.2"
| #define PACKAGE_STRING "ICU 73.2"
| #define PACKAGE_BUGREPORT "http://icu-project.org/bugs"
| #define PACKAGE_URL "http://icu-project.org"
| /* end confdefs.h.  */
| #include <ac_nonexistent.h>
configure:4067: result: gcc -E
configure:4087: gcc -E  conftest.c
configure:4087: $? = 0
configure:4101: gcc -E  conftest.c
conftest.c:9:10: fatal error: ac_nonexistent.h: No such file or directory
    9 | #include <ac_nonexistent.h>
      |          ^~~~~~~~~~~~~~~~~~
compilation terminated.
configure:4101: $? = 1
configure: failed program was:
| /* confdefs.h */
| #define PACKAGE_NAME "ICU"
| #define PACKAGE_TARNAME "International Components for Unicode"
| #define PACKAGE_VERSION "73.2"
| #define PACKAGE_STRING "ICU 73.2"
| #define PACKAGE_BUGREPORT "http://icu-project.org/bugs"
| #define PACKAGE_URL "http://icu-project.org"
| /* end confdefs.h.  */
| #include <ac_nonexistent.h>
configure:4144: checking for a BSD-compatible install
configure:4212: result: /usr/bin/install -c
configure:4244: g++ -o conftest  -O2   conftest.cpp  >&5
configure:4244: $? = 0
configure:4274: checking for python3
configure:4290: found /home/award/oii-fsds-textanalysis/.venv/bin/python3
configure:4301: result: python3
configure:4319: checking for gmake
configure:4337: found /usr/bin/gmake
configure:4349: result: /usr/bin/gmake
configure:4394: checking for doxygen
configure:4428: result: no
configure:4448: checking checking for executable suffix
configure:4455: result: 
configure:4461: checking whether strict compiling is on
configure:4477: result: yes
configure:4527: checking for grep that handles long lines and -e
configure:4585: result: /usr/bin/grep
configure:4590: checking for egrep
configure:4652: result: /usr/bin/grep -E
configure:4657: checking for ANSI C header files
configure:4677: gcc -c  -O2 -std=c11 -Wall -pedantic -Wshadow -Wpointer-arith -Wmissing-prototypes -Wwrite-strings  conftest.c >&5
configure:4677: $? = 0
configure:4750: gcc -o conftest  -O2 -std=c11 -Wall -pedantic -Wshadow -Wpointer-arith -Wmissing-prototypes -Wwrite-strings   conftest.c  >&5
configure:4750: $? = 0
configure:4750: ./conftest
configure:4750: $? = 0
configure:4761: result: yes
configure:4774: checking for sys/types.h
configure:4774: gcc -c  -O2 -std=c11 -Wall -pedantic -Wshadow -Wpointer-arith -Wmissing-prototypes -Wwrite-strings  conftest.c >&5
configure:4774: $? = 0
configure:4774: result: yes
configure:4774: checking for sys/stat.h
configure:4774: gcc -c  -O2 -std=c11 -Wall -pedantic -Wshadow -Wpointer-arith -Wmissing-prototypes -Wwrite-strings  conftest.c >&5
configure:4774: $? = 0
configure:4774: result: yes
configure:4774: checking for stdlib.h
configure:4774: gcc -c  -O2 -std=c11 -Wall -pedantic -Wshadow -Wpointer-arith -Wmissing-prototypes -Wwrite-strings  conftest.c >&5
configure:4774: $? = 0
configure:4774: result: yes
configure:4774: checking for string.h
configure:4774: gcc -c  -O2 -std=c11 -Wall -pedantic -Wshadow -Wpointer-arith -Wmissing-prototypes -Wwrite-strings  conftest.c >&5
configure:4774: $? = 0
configure:4774: result: yes
configure:4774: checking for memory.h
configure:4774: gcc -c  -O2 -std=c11 -Wall -pedantic -Wshadow -Wpointer-arith -Wmissing-prototypes -Wwrite-strings  conftest.c >&5
configure:4774: $? = 0
configure:4774: result: yes
configure:4774: checking for strings.h
configure:4774: gcc -c  -O2 -std=c11 -Wall -pedantic -Wshadow -Wpointer-arith -Wmissing-prototypes -Wwrite-strings  conftest.c >&5
configure:4774: $? = 0
configure:4774: result: yes
configure:4774: checking for inttypes.h
configure:4774: gcc -c  -O2 -std=c11 -Wall -pedantic -Wshadow -Wpointer-arith -Wmissing-prototypes -Wwrite-strings  conftest.c >&5
configure:4774: $? = 0
configure:4774: result: yes
configure:4774: checking for stdint.h
configure:4774: gcc -c  -O2 -std=c11 -Wall -pedantic -Wshadow -Wpointer-arith -Wmissing-prototypes -Wwrite-strings  conftest.c >&5
configure:4774: $? = 0
configure:4774: result: yes
configure:4774: checking for unistd.h
configure:4774: gcc -c  -O2 -std=c11 -Wall -pedantic -Wshadow -Wpointer-arith -Wmissing-prototypes -Wwrite-strings  conftest.c >&5
configure:4774: $? = 0
configure:4774: result: yes
configure:4823: checking size of void *
configure:4828: gcc -o conftest  -O2 -std=c11 -Wall -pedantic -Wshadow -Wpointer-arith -Wmissing-prototypes -Wwrite-strings   conftest.c  >&5
configure:4828: $? = 0
configure:4828: ./conftest
configure:4828: $? = 0
configure:4842: result: 8
configure:4852: checking whether runnable 64 bit binaries are built by default
configure:4909: result: yes
configure:5253: checking which Makefile fragment to use for x86_64-pc-linux-gnu
configure:5350: result: mh-linux
configure:5399: checking for floor in -lm
configure:5424: gcc -o conftest  -O2 -std=c11 -Wall -pedantic -Wshadow -Wpointer-arith -Wmissing-prototypes -Wwrite-strings   conftest.c -lm   >&5
conftest.c:27:6: warning: conflicting types for built-in function 'floor'; expected 'double(double)' [-Wbuiltin-declaration-mismatch]
   27 | char floor ();
      |      ^~~~~
conftest.c:1:1: note: 'floor' is declared in header '<math.h>'
    1 | /* confdefs.h */
configure:5424: $? = 0
configure:5433: result: yes
configure:5449: checking whether to build shared libraries
configure:5464: result: yes
configure:5469: checking whether to build static libraries
configure:5481: result: no
configure:5537: checking whether to enable auto cleanup of libraries
configure:5552: result: no
configure:5591: checking whether to enable draft APIs
configure:5605: result: yes
configure:5656: checking for ranlib
configure:5672: found /usr/bin/ranlib
configure:5683: result: ranlib
configure:5707: checking for a sed that does not truncate output
configure:5771: result: /usr/bin/sed
configure:5821: checking for ar
configure:5837: found /usr/bin/ar
configure:5848: result: ar
configure:5871: checking whether to enable renaming of symbols
configure:5886: result: yes
configure:5890: checking whether to enable function and data tracing
configure:5905: result: no
configure:5912: checking elf.h usability
configure:5912: gcc -c  -O2 -std=c11 -Wall -pedantic -Wshadow -Wpointer-arith -Wmissing-prototypes -Wwrite-strings  conftest.c >&5
configure:5912: $? = 0
configure:5912: result: yes
configure:5912: checking elf.h presence
configure:5912: gcc -E  conftest.c
configure:5912: $? = 0
configure:5912: result: yes
configure:5912: checking for elf.h
configure:5912: result: yes
configure:5955: checking whether to enable dynamic loading of plugins. Ignored if plugins disabled.
configure:5973: result: yes
configure:5980: checking dlfcn.h usability
configure:5980: gcc -c  -O2 -std=c11 -Wall -pedantic -Wshadow -Wpointer-arith -Wmissing-prototypes -Wwrite-strings  conftest.c >&5
configure:5980: $? = 0
configure:5980: result: yes
configure:5980: checking dlfcn.h presence
configure:5980: gcc -E  conftest.c
configure:5980: $? = 0
configure:5980: result: yes
configure:5980: checking for dlfcn.h
configure:5980: result: yes
configure:5991: checking for library containing dlopen
configure:6022: gcc -o conftest  -O2 -std=c11 -Wall -pedantic -Wshadow -Wpointer-arith -Wmissing-prototypes -Wwrite-strings   conftest.c -lm  >&5
configure:6022: $? = 0
configure:6039: result: none required
configure:6049: checking for dlopen
configure:6049: gcc -o conftest  -O2 -std=c11 -Wall -pedantic -Wshadow -Wpointer-arith -Wmissing-prototypes -Wwrite-strings   conftest.c -lm  >&5
configure:6049: $? = 0
configure:6049: result: yes
configure:6069: checking for gettimeofday
configure:6069: gcc -o conftest  -O2 -std=c11 -Wall -pedantic -Wshadow -Wpointer-arith -Wmissing-prototypes -Wwrite-strings   conftest.c -lm  >&5
configure:6069: $? = 0
configure:6069: result: yes
configure:6103: checking if we have a C++ compiler
configure:6116: g++ -c  -O2 -W -Wall -pedantic -Wpointer-arith -Wwrite-strings -Wno-long-long  conftest.cpp >&5
configure:6116: $? = 0
configure:6124: result: Good
configure:6138: checking if we have a C++11 compiler
configure:6151: g++ -c  -O2 -W -Wall -pedantic -Wpointer-arith -Wwrite-strings -Wno-long-long -std=c++11  conftest.cpp >&5
configure:6151: $? = 0
configure:6157: result: yes
configure:6160: Adding CXXFLAGS option -std=c++11
configure:6185: checking for pthread_attr_init in -lpthread
configure:6210: gcc -o conftest  -O2 -std=c11 -Wall -pedantic -Wshadow -Wpointer-arith -Wmissing-prototypes -Wwrite-strings   conftest.c -lpthread  -lm  >&5
configure:6210: $? = 0
configure:6219: result: yes
configure:6423: checking for mmap
configure:6442: gcc -o conftest  -O2 -std=c11 -Wall -pedantic -Wshadow -Wpointer-arith -Wmissing-prototypes -Wwrite-strings   conftest.c -lpthread -lm  >&5
configure:6442: $? = 0
configure:6451: result: yes
configure:6461: checking for genccode assembly
configure:6498: result: -a gcc
configure:6504: checking for inttypes.h
configure:6504: result: yes
configure:6533: checking dirent.h usability
configure:6533: gcc -c  -O2 -std=c11 -Wall -pedantic -Wshadow -Wpointer-arith -Wmissing-prototypes -Wwrite-strings  conftest.c >&5
configure:6533: $? = 0
configure:6533: result: yes
configure:6533: checking dirent.h presence
configure:6533: gcc -E  conftest.c
configure:6533: $? = 0
configure:6533: result: yes
configure:6533: checking for dirent.h
configure:6533: result: yes
configure:6553: checking whether byte ordering is bigendian
configure:6568: gcc -c  -O2 -std=c11 -Wall -pedantic -Wshadow -Wpointer-arith -Wmissing-prototypes -Wwrite-strings  conftest.c >&5
conftest.c:29:16: error: unknown type name 'not'
   29 |                not a universal capable compiler
      |                ^~~
conftest.c:29:22: error: expected '=', ',', ';', 'asm' or '__attribute__' before 'universal'
   29 |                not a universal capable compiler
      |                      ^~~~~~~~~
conftest.c:29:22: error: unknown type name 'universal'
configure:6568: $? = 1
configure: failed program was:
| /* confdefs.h */
| #define PACKAGE_NAME "ICU"
| #define PACKAGE_TARNAME "International Components for Unicode"
| #define PACKAGE_VERSION "73.2"
| #define PACKAGE_STRING "ICU 73.2"
| #define PACKAGE_BUGREPORT "http://icu-project.org/bugs"
| #define PACKAGE_URL "http://icu-project.org"
| #define STDC_HEADERS 1
| #define HAVE_SYS_TYPES_H 1
| #define HAVE_SYS_STAT_H 1
| #define HAVE_STDLIB_H 1
| #define HAVE_STRING_H 1
| #define HAVE_MEMORY_H 1
| #define HAVE_STRINGS_H 1
| #define HAVE_INTTYPES_H 1
| #define HAVE_STDINT_H 1
| #define HAVE_UNISTD_H 1
| #define SIZEOF_VOID_P 8
| #define HAVE_LIBM 1
| #define HAVE_ELF_H 1
| #define HAVE_DLFCN_H 1
| #define HAVE_DLOPEN 1
| #define HAVE_GETTIMEOFDAY 1
| #define HAVE_LIBPTHREAD 1
| #define HAVE_INTTYPES_H 1
| #define HAVE_DIRENT_H 1
| /* end confdefs.h.  */
| #ifndef __APPLE_CC__
| 	       not a universal capable compiler
| 	     #endif
| 	     typedef int dummy;
| 
configure:6613: gcc -c  -O2 -std=c11 -Wall -pedantic -Wshadow -Wpointer-arith -Wmissing-prototypes -Wwrite-strings  conftest.c >&5
conftest.c: In function 'main':
conftest.c:35:15: error: unknown type name 'bogus'
   35 |               bogus endian macros
      |               ^~~~~
conftest.c:35:28: error: expected '=', ',', ';', 'asm' or '__attribute__' before 'macros'
   35 |               bogus endian macros
      |                            ^~~~~~
configure:6613: $? = 1
configure: failed program was:
| /* confdefs.h */
| #define PACKAGE_NAME "ICU"
| #define PACKAGE_TARNAME "International Components for Unicode"
| #define PACKAGE_VERSION "73.2"
| #define PACKAGE_STRING "ICU 73.2"
| #define PACKAGE_BUGREPORT "http://icu-project.org/bugs"
| #define PACKAGE_URL "http://icu-project.org"
| #define STDC_HEADERS 1
| #define HAVE_SYS_TYPES_H 1
| #define HAVE_SYS_STAT_H 1
| #define HAVE_STDLIB_H 1
| #define HAVE_STRING_H 1
| #define HAVE_MEMORY_H 1
| #define HAVE_STRINGS_H 1
| #define HAVE_INTTYPES_H 1
| #define HAVE_STDINT_H 1
| #define HAVE_UNISTD_H 1
| #define SIZEOF_VOID_P 8
| #define HAVE_LIBM 1
| #define HAVE_ELF_H 1
| #define HAVE_DLFCN_H 1
| #define HAVE_DLOPEN 1
| #define HAVE_GETTIMEOFDAY 1
| #define HAVE_LIBPTHREAD 1
| #define HAVE_INTTYPES_H 1
| #define HAVE_DIRENT_H 1
| /* end confdefs.h.  */
| #include <sys/types.h>
| 	     #include <sys/param.h>
| 
| int
| main ()
| {
| #if ! (defined BYTE_ORDER && defined BIG_ENDIAN 		     && defined LITTLE_ENDIAN && BYTE_ORDER && BIG_ENDIAN 		     && LITTLE_ENDIAN)
| 	      bogus endian macros
| 	     #endif
| 
|   ;
|   return 0;
| }
configure:6657: gcc -c  -O2 -std=c11 -Wall -pedantic -Wshadow -Wpointer-arith -Wmissing-prototypes -Wwrite-strings  conftest.c >&5
conftest.c: In function 'main':
conftest.c:34:15: error: unknown type name 'bogus'
   34 |               bogus endian macros
      |               ^~~~~
conftest.c:34:28: error: expected '=', ',', ';', 'asm' or '__attribute__' before 'macros'
   34 |               bogus endian macros
      |                            ^~~~~~
configure:6657: $? = 1
configure: failed program was:
| /* confdefs.h */
| #define PACKAGE_NAME "ICU"
| #define PACKAGE_TARNAME "International Components for Unicode"
| #define PACKAGE_VERSION "73.2"
| #define PACKAGE_STRING "ICU 73.2"
| #define PACKAGE_BUGREPORT "http://icu-project.org/bugs"
| #define PACKAGE_URL "http://icu-project.org"
| #define STDC_HEADERS 1
| #define HAVE_SYS_TYPES_H 1
| #define HAVE_SYS_STAT_H 1
| #define HAVE_STDLIB_H 1
| #define HAVE_STRING_H 1
| #define HAVE_MEMORY_H 1
| #define HAVE_STRINGS_H 1
| #define HAVE_INTTYPES_H 1
| #define HAVE_STDINT_H 1
| #define HAVE_UNISTD_H 1
| #define SIZEOF_VOID_P 8
| #define HAVE_LIBM 1
| #define HAVE_ELF_H 1
| #define HAVE_DLFCN_H 1
| #define HAVE_DLOPEN 1
| #define HAVE_GETTIMEOFDAY 1
| #define HAVE_LIBPTHREAD 1
| #define HAVE_INTTYPES_H 1
| #define HAVE_DIRENT_H 1
| /* end confdefs.h.  */
| #include <limits.h>
| 
| int
| main ()
| {
| #if ! (defined _LITTLE_ENDIAN || defined _BIG_ENDIAN)
| 	      bogus endian macros
| 	     #endif
| 
|   ;
|   return 0;
| }
configure:6748: gcc -o conftest  -O2 -std=c11 -Wall -pedantic -Wshadow -Wpointer-arith -Wmissing-prototypes -Wwrite-strings   conftest.c -lpthread -lm  >&5
configure:6748: $? = 0
configure:6748: ./conftest
configure:6748: $? = 0
configure:6759: result: no
configure:6789: checking for nl_langinfo
configure:6789: gcc -o conftest  -O2 -std=c11 -Wall -pedantic -Wshadow -Wpointer-arith -Wmissing-prototypes -Wwrite-strings   conftest.c -lpthread -lm  >&5
configure:6789: $? = 0
configure:6789: result: yes
configure:6797: checking for nl_langinfo's argument to obtain the codeset
configure:6815: gcc -o conftest  -O2 -std=c11 -Wall -pedantic -Wshadow -Wpointer-arith -Wmissing-prototypes -Wwrite-strings   conftest.c -lpthread -lm  >&5
configure:6815: $? = 0
configure:6822: result: CODESET
configure:6846: checking for namespace support
configure:6865: g++ -o conftest  -O2 -W -Wall -pedantic -Wpointer-arith -Wwrite-strings -Wno-long-long -std=c++11   conftest.cpp -lpthread -lm  >&5
configure:6865: $? = 0
configure:6874: result: yes
configure:6881: checking for properly overriding new and delete
configure:6907: g++ -o conftest  -O2 -W -Wall -pedantic -Wpointer-arith -Wwrite-strings -Wno-long-long -std=c++11   conftest.cpp -lpthread -lm  >&5
configure:6907: $? = 0
configure:6916: result: yes
configure:6921: checking for placement new and delete
configure:6947: g++ -o conftest  -O2 -W -Wall -pedantic -Wpointer-arith -Wwrite-strings -Wno-long-long -std=c++11   conftest.cpp -lpthread -lm  >&5
configure:6947: $? = 0
configure:6956: result: yes
configure:6976: checking for popen
configure:6976: gcc -o conftest  -O2 -std=c11 -Wall -pedantic -Wshadow -Wpointer-arith -Wmissing-prototypes -Wwrite-strings   conftest.c -lpthread -lm  >&5
configure:6976: $? = 0
configure:6976: result: yes
configure:6990: checking for tzset
configure:6990: gcc -o conftest  -O2 -std=c11 -Wall -pedantic -Wshadow -Wpointer-arith -Wmissing-prototypes -Wwrite-strings   conftest.c -lpthread -lm  >&5
configure:6990: $? = 0
configure:6990: result: yes
configure:7018: checking for tzname
configure:7041: gcc -o conftest  -O2 -std=c11 -Wall -pedantic -Wshadow -Wpointer-arith -Wmissing-prototypes -Wwrite-strings   conftest.c -lpthread -lm  >&5
conftest.c: In function 'main':
conftest.c:39:1: warning: statement with no effect [-Wunused-value]
   39 | atoi(*tzname);
      | ^~~~~~~~~~~~~
conftest.c:39:1: warning: ignoring return value of 'atoi' declared with attribute 'warn_unused_result' [-Wunused-result]
configure:7041: $? = 0
configure:7049: result: yes
configure:7093: checking for timezone
configure:7113: gcc -o conftest  -O2 -std=c11 -Wall -pedantic -Wshadow -Wpointer-arith -Wmissing-prototypes -Wwrite-strings   conftest.c -lpthread -lm  >&5
configure:7113: $? = 0
configure:7121: result: yes
configure:7195: checking for strtod_l
configure:7195: gcc -o conftest  -O2 -std=c11 -Wall -pedantic -Wshadow -Wpointer-arith -Wmissing-prototypes -Wwrite-strings   conftest.c -lpthread -lm  >&5
configure:7195: $? = 0
configure:7195: result: yes
configure:7203: checking xlocale.h usability
configure:7203: gcc -c  -O2 -std=c11 -Wall -pedantic -Wshadow -Wpointer-arith -Wmissing-prototypes -Wwrite-strings  conftest.c >&5
conftest.c:61:10: fatal error: xlocale.h: No such file or directory
   61 | #include <xlocale.h>
      |          ^~~~~~~~~~~
compilation terminated.
configure:7203: $? = 1
configure: failed program was:
| /* confdefs.h */
| #define PACKAGE_NAME "ICU"
| #define PACKAGE_TARNAME "International Components for Unicode"
| #define PACKAGE_VERSION "73.2"
| #define PACKAGE_STRING "ICU 73.2"
| #define PACKAGE_BUGREPORT "http://icu-project.org/bugs"
| #define PACKAGE_URL "http://icu-project.org"
| #define STDC_HEADERS 1
| #define HAVE_SYS_TYPES_H 1
| #define HAVE_SYS_STAT_H 1
| #define HAVE_STDLIB_H 1
| #define HAVE_STRING_H 1
| #define HAVE_MEMORY_H 1
| #define HAVE_STRINGS_H 1
| #define HAVE_INTTYPES_H 1
| #define HAVE_STDINT_H 1
| #define HAVE_UNISTD_H 1
| #define SIZEOF_VOID_P 8
| #define HAVE_LIBM 1
| #define HAVE_ELF_H 1
| #define HAVE_DLFCN_H 1
| #define HAVE_DLOPEN 1
| #define HAVE_GETTIMEOFDAY 1
| #define HAVE_LIBPTHREAD 1
| #define HAVE_INTTYPES_H 1
| #define HAVE_DIRENT_H 1
| /* end confdefs.h.  */
| #include <stdio.h>
| #ifdef HAVE_SYS_TYPES_H
| # include <sys/types.h>
| #endif
| #ifdef HAVE_SYS_STAT_H
| # include <sys/stat.h>
| #endif
| #ifdef STDC_HEADERS
| # include <stdlib.h>
| # include <stddef.h>
| #else
| # ifdef HAVE_STDLIB_H
| #  include <stdlib.h>
| # endif
| #endif
| #ifdef HAVE_STRING_H
| # if !defined STDC_HEADERS && defined HAVE_MEMORY_H
| #  include <memory.h>
| # endif
| # include <string.h>
| #endif
| #ifdef HAVE_STRINGS_H
| # include <strings.h>
| #endif
| #ifdef HAVE_INTTYPES_H
| # include <inttypes.h>
| #endif
| #ifdef HAVE_STDINT_H
| # include <stdint.h>
| #endif
| #ifdef HAVE_UNISTD_H
| # include <unistd.h>
| #endif
| #include <xlocale.h>
configure:7203: result: no
configure:7203: checking xlocale.h presence
configure:7203: gcc -E  conftest.c
conftest.c:28:10: fatal error: xlocale.h: No such file or directory
   28 | #include <xlocale.h>
      |          ^~~~~~~~~~~
compilation terminated.
configure:7203: $? = 1
configure: failed program was:
| /* confdefs.h */
| #define PACKAGE_NAME "ICU"
| #define PACKAGE_TARNAME "International Components for Unicode"
| #define PACKAGE_VERSION "73.2"
| #define PACKAGE_STRING "ICU 73.2"
| #define PACKAGE_BUGREPORT "http://icu-project.org/bugs"
| #define PACKAGE_URL "http://icu-project.org"
| #define STDC_HEADERS 1
| #define HAVE_SYS_TYPES_H 1
| #define HAVE_SYS_STAT_H 1
| #define HAVE_STDLIB_H 1
| #define HAVE_STRING_H 1
| #define HAVE_MEMORY_H 1
| #define HAVE_STRINGS_H 1
| #define HAVE_INTTYPES_H 1
| #define HAVE_STDINT_H 1
| #define HAVE_UNISTD_H 1
| #define SIZEOF_VOID_P 8
| #define HAVE_LIBM 1
| #define HAVE_ELF_H 1
| #define HAVE_DLFCN_H 1
| #define HAVE_DLOPEN 1
| #define HAVE_GETTIMEOFDAY 1
| #define HAVE_LIBPTHREAD 1
| #define HAVE_INTTYPES_H 1
| #define HAVE_DIRENT_H 1
| /* end confdefs.h.  */
| #include <xlocale.h>
configure:7203: result: no
configure:7203: checking for xlocale.h
configure:7203: result: no
configure:7229: checking for std::string_view
configure:7229: g++ -c  -O2 -W -Wall -pedantic -Wpointer-arith -Wwrite-strings -Wno-long-long -std=c++11  conftest.cpp >&5
conftest.cpp: In function 'int main()':
conftest.cpp:33:18: error: 'string_view' is not a member of 'std'
   33 | if (sizeof (std::string_view))
      |                  ^~~~~~~~~~~
conftest.cpp:33:18: note: 'std::string_view' is only available from C++17 onwards
configure:7229: $? = 1
configure: failed program was:
| /* confdefs.h */
| #define PACKAGE_NAME "ICU"
| #define PACKAGE_TARNAME "International Components for Unicode"
| #define PACKAGE_VERSION "73.2"
| #define PACKAGE_STRING "ICU 73.2"
| #define PACKAGE_BUGREPORT "http://icu-project.org/bugs"
| #define PACKAGE_URL "http://icu-project.org"
| #define STDC_HEADERS 1
| #define HAVE_SYS_TYPES_H 1
| #define HAVE_SYS_STAT_H 1
| #define HAVE_STDLIB_H 1
| #define HAVE_STRING_H 1
| #define HAVE_MEMORY_H 1
| #define HAVE_STRINGS_H 1
| #define HAVE_INTTYPES_H 1
| #define HAVE_STDINT_H 1
| #define HAVE_UNISTD_H 1
| #define SIZEOF_VOID_P 8
| #define HAVE_LIBM 1
| #define HAVE_ELF_H 1
| #define HAVE_DLFCN_H 1
| #define HAVE_DLOPEN 1
| #define HAVE_GETTIMEOFDAY 1
| #define HAVE_LIBPTHREAD 1
| #define HAVE_INTTYPES_H 1
| #define HAVE_DIRENT_H 1
| /* end confdefs.h.  */
| #include <string_view>
| 
| int
| main ()
| {
| if (sizeof (std::string_view))
| 	 return 0;
|   ;
|   return 0;
| }
configure:7229: result: no
configure:7246: checking for int8_t
configure:7246: gcc -c  -O2 -std=c11 -Wall -pedantic -Wshadow -Wpointer-arith -Wmissing-prototypes -Wwrite-strings  conftest.c >&5
configure:7246: $? = 0
configure:7246: gcc -c  -O2 -std=c11 -Wall -pedantic -Wshadow -Wpointer-arith -Wmissing-prototypes -Wwrite-strings  conftest.c >&5
conftest.c: In function 'main':
conftest.c:64:21: error: expected expression before ')' token
   64 | if (sizeof ((int8_t)))
      |                     ^
configure:7246: $? = 1
configure: failed program was:
| /* confdefs.h */
| #define PACKAGE_NAME "ICU"
| #define PACKAGE_TARNAME "International Components for Unicode"
| #define PACKAGE_VERSION "73.2"
| #define PACKAGE_STRING "ICU 73.2"
| #define PACKAGE_BUGREPORT "http://icu-project.org/bugs"
| #define PACKAGE_URL "http://icu-project.org"
| #define STDC_HEADERS 1
| #define HAVE_SYS_TYPES_H 1
| #define HAVE_SYS_STAT_H 1
| #define HAVE_STDLIB_H 1
| #define HAVE_STRING_H 1
| #define HAVE_MEMORY_H 1
| #define HAVE_STRINGS_H 1
| #define HAVE_INTTYPES_H 1
| #define HAVE_STDINT_H 1
| #define HAVE_UNISTD_H 1
| #define SIZEOF_VOID_P 8
| #define HAVE_LIBM 1
| #define HAVE_ELF_H 1
| #define HAVE_DLFCN_H 1
| #define HAVE_DLOPEN 1
| #define HAVE_GETTIMEOFDAY 1
| #define HAVE_LIBPTHREAD 1
| #define HAVE_INTTYPES_H 1
| #define HAVE_DIRENT_H 1
| /* end confdefs.h.  */
| #include <stdio.h>
| #ifdef HAVE_SYS_TYPES_H
| # include <sys/types.h>
| #endif
| #ifdef HAVE_SYS_STAT_H
| # include <sys/stat.h>
| #endif
| #ifdef STDC_HEADERS
| # include <stdlib.h>
| # include <stddef.h>
| #else
| # ifdef HAVE_STDLIB_H
| #  include <stdlib.h>
| # endif
| #endif
| #ifdef HAVE_STRING_H
| # if !defined STDC_HEADERS && defined HAVE_MEMORY_H
| #  include <memory.h>
| # endif
| # include <string.h>
| #endif
| #ifdef HAVE_STRINGS_H
| # include <strings.h>
| #endif
| #ifdef HAVE_INTTYPES_H
| # include <inttypes.h>
| #endif
| #ifdef HAVE_STDINT_H
| # include <stdint.h>
| #endif
| #ifdef HAVE_UNISTD_H
| # include <unistd.h>
| #endif
| int
| main ()
| {
| if (sizeof ((int8_t)))
| 	    return 0;
|   ;
|   return 0;
| }
configure:7246: result: yes
configure:7257: checking for uint8_t
configure:7257: gcc -c  -O2 -std=c11 -Wall -pedantic -Wshadow -Wpointer-arith -Wmissing-prototypes -Wwrite-strings  conftest.c >&5
configure:7257: $? = 0
configure:7257: gcc -c  -O2 -std=c11 -Wall -pedantic -Wshadow -Wpointer-arith -Wmissing-prototypes -Wwrite-strings  conftest.c >&5
conftest.c: In function 'main':
conftest.c:64:22: error: expected expression before ')' token
   64 | if (sizeof ((uint8_t)))
      |                      ^
configure:7257: $? = 1
configure: failed program was:
| /* confdefs.h */
| #define PACKAGE_NAME "ICU"
| #define PACKAGE_TARNAME "International Components for Unicode"
| #define PACKAGE_VERSION "73.2"
| #define PACKAGE_STRING "ICU 73.2"
| #define PACKAGE_BUGREPORT "http://icu-project.org/bugs"
| #define PACKAGE_URL "http://icu-project.org"
| #define STDC_HEADERS 1
| #define HAVE_SYS_TYPES_H 1
| #define HAVE_SYS_STAT_H 1
| #define HAVE_STDLIB_H 1
| #define HAVE_STRING_H 1
| #define HAVE_MEMORY_H 1
| #define HAVE_STRINGS_H 1
| #define HAVE_INTTYPES_H 1
| #define HAVE_STDINT_H 1
| #define HAVE_UNISTD_H 1
| #define SIZEOF_VOID_P 8
| #define HAVE_LIBM 1
| #define HAVE_ELF_H 1
| #define HAVE_DLFCN_H 1
| #define HAVE_DLOPEN 1
| #define HAVE_GETTIMEOFDAY 1
| #define HAVE_LIBPTHREAD 1
| #define HAVE_INTTYPES_H 1
| #define HAVE_DIRENT_H 1
| /* end confdefs.h.  */
| #include <stdio.h>
| #ifdef HAVE_SYS_TYPES_H
| # include <sys/types.h>
| #endif
| #ifdef HAVE_SYS_STAT_H
| # include <sys/stat.h>
| #endif
| #ifdef STDC_HEADERS
| # include <stdlib.h>
| # include <stddef.h>
| #else
| # ifdef HAVE_STDLIB_H
| #  include <stdlib.h>
| # endif
| #endif
| #ifdef HAVE_STRING_H
| # if !defined STDC_HEADERS && defined HAVE_MEMORY_H
| #  include <memory.h>
| # endif
| # include <string.h>
| #endif
| #ifdef HAVE_STRINGS_H
| # include <strings.h>
| #endif
| #ifdef HAVE_INTTYPES_H
| # include <inttypes.h>
| #endif
| #ifdef HAVE_STDINT_H
| # include <stdint.h>
| #endif
| #ifdef HAVE_UNISTD_H
| # include <unistd.h>
| #endif
| int
| main ()
| {
| if (sizeof ((uint8_t)))
| 	    return 0;
|   ;
|   return 0;
| }
configure:7257: result: yes
configure:7268: checking for int16_t
configure:7268: gcc -c  -O2 -std=c11 -Wall -pedantic -Wshadow -Wpointer-arith -Wmissing-prototypes -Wwrite-strings  conftest.c >&5
configure:7268: $? = 0
configure:7268: gcc -c  -O2 -std=c11 -Wall -pedantic -Wshadow -Wpointer-arith -Wmissing-prototypes -Wwrite-strings  conftest.c >&5
conftest.c: In function 'main':
conftest.c:64:22: error: expected expression before ')' token
   64 | if (sizeof ((int16_t)))
      |                      ^
configure:7268: $? = 1
configure: failed program was:
| /* confdefs.h */
| #define PACKAGE_NAME "ICU"
| #define PACKAGE_TARNAME "International Components for Unicode"
| #define PACKAGE_VERSION "73.2"
| #define PACKAGE_STRING "ICU 73.2"
| #define PACKAGE_BUGREPORT "http://icu-project.org/bugs"
| #define PACKAGE_URL "http://icu-project.org"
| #define STDC_HEADERS 1
| #define HAVE_SYS_TYPES_H 1
| #define HAVE_SYS_STAT_H 1
| #define HAVE_STDLIB_H 1
| #define HAVE_STRING_H 1
| #define HAVE_MEMORY_H 1
| #define HAVE_STRINGS_H 1
| #define HAVE_INTTYPES_H 1
| #define HAVE_STDINT_H 1
| #define HAVE_UNISTD_H 1
| #define SIZEOF_VOID_P 8
| #define HAVE_LIBM 1
| #define HAVE_ELF_H 1
| #define HAVE_DLFCN_H 1
| #define HAVE_DLOPEN 1
| #define HAVE_GETTIMEOFDAY 1
| #define HAVE_LIBPTHREAD 1
| #define HAVE_INTTYPES_H 1
| #define HAVE_DIRENT_H 1
| /* end confdefs.h.  */
| #include <stdio.h>
| #ifdef HAVE_SYS_TYPES_H
| # include <sys/types.h>
| #endif
| #ifdef HAVE_SYS_STAT_H
| # include <sys/stat.h>
| #endif
| #ifdef STDC_HEADERS
| # include <stdlib.h>
| # include <stddef.h>
| #else
| # ifdef HAVE_STDLIB_H
| #  include <stdlib.h>
| # endif
| #endif
| #ifdef HAVE_STRING_H
| # if !defined STDC_HEADERS && defined HAVE_MEMORY_H
| #  include <memory.h>
| # endif
| # include <string.h>
| #endif
| #ifdef HAVE_STRINGS_H
| # include <strings.h>
| #endif
| #ifdef HAVE_INTTYPES_H
| # include <inttypes.h>
| #endif
| #ifdef HAVE_STDINT_H
| # include <stdint.h>
| #endif
| #ifdef HAVE_UNISTD_H
| # include <unistd.h>
| #endif
| int
| main ()
| {
| if (sizeof ((int16_t)))
| 	    return 0;
|   ;
|   return 0;
| }
configure:7268: result: yes
configure:7279: checking for uint16_t
configure:7279: gcc -c  -O2 -std=c11 -Wall -pedantic -Wshadow -Wpointer-arith -Wmissing-prototypes -Wwrite-strings  conftest.c >&5
configure:7279: $? = 0
configure:7279: gcc -c  -O2 -std=c11 -Wall -pedantic -Wshadow -Wpointer-arith -Wmissing-prototypes -Wwrite-strings  conftest.c >&5
conftest.c: In function 'main':
conftest.c:64:23: error: expected expression before ')' token
   64 | if (sizeof ((uint16_t)))
      |                       ^
configure:7279: $? = 1
configure: failed program was:
| /* confdefs.h */
| #define PACKAGE_NAME "ICU"
| #define PACKAGE_TARNAME "International Components for Unicode"
| #define PACKAGE_VERSION "73.2"
| #define PACKAGE_STRING "ICU 73.2"
| #define PACKAGE_BUGREPORT "http://icu-project.org/bugs"
| #define PACKAGE_URL "http://icu-project.org"
| #define STDC_HEADERS 1
| #define HAVE_SYS_TYPES_H 1
| #define HAVE_SYS_STAT_H 1
| #define HAVE_STDLIB_H 1
| #define HAVE_STRING_H 1
| #define HAVE_MEMORY_H 1
| #define HAVE_STRINGS_H 1
| #define HAVE_INTTYPES_H 1
| #define HAVE_STDINT_H 1
| #define HAVE_UNISTD_H 1
| #define SIZEOF_VOID_P 8
| #define HAVE_LIBM 1
| #define HAVE_ELF_H 1
| #define HAVE_DLFCN_H 1
| #define HAVE_DLOPEN 1
| #define HAVE_GETTIMEOFDAY 1
| #define HAVE_LIBPTHREAD 1
| #define HAVE_INTTYPES_H 1
| #define HAVE_DIRENT_H 1
| /* end confdefs.h.  */
| #include <stdio.h>
| #ifdef HAVE_SYS_TYPES_H
| # include <sys/types.h>
| #endif
| #ifdef HAVE_SYS_STAT_H
| # include <sys/stat.h>
| #endif
| #ifdef STDC_HEADERS
| # include <stdlib.h>
| # include <stddef.h>
| #else
| # ifdef HAVE_STDLIB_H
| #  include <stdlib.h>
| # endif
| #endif
| #ifdef HAVE_STRING_H
| # if !defined STDC_HEADERS && defined HAVE_MEMORY_H
| #  include <memory.h>
| # endif
| # include <string.h>
| #endif
| #ifdef HAVE_STRINGS_H
| # include <strings.h>
| #endif
| #ifdef HAVE_INTTYPES_H
| # include <inttypes.h>
| #endif
| #ifdef HAVE_STDINT_H
| # include <stdint.h>
| #endif
| #ifdef HAVE_UNISTD_H
| # include <unistd.h>
| #endif
| int
| main ()
| {
| if (sizeof ((uint16_t)))
| 	    return 0;
|   ;
|   return 0;
| }
configure:7279: result: yes
configure:7290: checking for int32_t
configure:7290: gcc -c  -O2 -std=c11 -Wall -pedantic -Wshadow -Wpointer-arith -Wmissing-prototypes -Wwrite-strings  conftest.c >&5
configure:7290: $? = 0
configure:7290: gcc -c  -O2 -std=c11 -Wall -pedantic -Wshadow -Wpointer-arith -Wmissing-prototypes -Wwrite-strings  conftest.c >&5
conftest.c: In function 'main':
conftest.c:64:22: error: expected expression before ')' token
   64 | if (sizeof ((int32_t)))
      |                      ^
configure:7290: $? = 1
configure: failed program was:
| /* confdefs.h */
| #define PACKAGE_NAME "ICU"
| #define PACKAGE_TARNAME "International Components for Unicode"
| #define PACKAGE_VERSION "73.2"
| #define PACKAGE_STRING "ICU 73.2"
| #define PACKAGE_BUGREPORT "http://icu-project.org/bugs"
| #define PACKAGE_URL "http://icu-project.org"
| #define STDC_HEADERS 1
| #define HAVE_SYS_TYPES_H 1
| #define HAVE_SYS_STAT_H 1
| #define HAVE_STDLIB_H 1
| #define HAVE_STRING_H 1
| #define HAVE_MEMORY_H 1
| #define HAVE_STRINGS_H 1
| #define HAVE_INTTYPES_H 1
| #define HAVE_STDINT_H 1
| #define HAVE_UNISTD_H 1
| #define SIZEOF_VOID_P 8
| #define HAVE_LIBM 1
| #define HAVE_ELF_H 1
| #define HAVE_DLFCN_H 1
| #define HAVE_DLOPEN 1
| #define HAVE_GETTIMEOFDAY 1
| #define HAVE_LIBPTHREAD 1
| #define HAVE_INTTYPES_H 1
| #define HAVE_DIRENT_H 1
| /* end confdefs.h.  */
| #include <stdio.h>
| #ifdef HAVE_SYS_TYPES_H
| # include <sys/types.h>
| #endif
| #ifdef HAVE_SYS_STAT_H
| # include <sys/stat.h>
| #endif
| #ifdef STDC_HEADERS
| # include <stdlib.h>
| # include <stddef.h>
| #else
| # ifdef HAVE_STDLIB_H
| #  include <stdlib.h>
| # endif
| #endif
| #ifdef HAVE_STRING_H
| # if !defined STDC_HEADERS && defined HAVE_MEMORY_H
| #  include <memory.h>
| # endif
| # include <string.h>
| #endif
| #ifdef HAVE_STRINGS_H
| # include <strings.h>
| #endif
| #ifdef HAVE_INTTYPES_H
| # include <inttypes.h>
| #endif
| #ifdef HAVE_STDINT_H
| # include <stdint.h>
| #endif
| #ifdef HAVE_UNISTD_H
| # include <unistd.h>
| #endif
| int
| main ()
| {
| if (sizeof ((int32_t)))
| 	    return 0;
|   ;
|   return 0;
| }
configure:7290: result: yes
configure:7301: checking for uint32_t
configure:7301: gcc -c  -O2 -std=c11 -Wall -pedantic -Wshadow -Wpointer-arith -Wmissing-prototypes -Wwrite-strings  conftest.c >&5
configure:7301: $? = 0
configure:7301: gcc -c  -O2 -std=c11 -Wall -pedantic -Wshadow -Wpointer-arith -Wmissing-prototypes -Wwrite-strings  conftest.c >&5
conftest.c: In function 'main':
conftest.c:64:23: error: expected expression before ')' token
   64 | if (sizeof ((uint32_t)))
      |                       ^
configure:7301: $? = 1
configure: failed program was:
| /* confdefs.h */
| #define PACKAGE_NAME "ICU"
| #define PACKAGE_TARNAME "International Components for Unicode"
| #define PACKAGE_VERSION "73.2"
| #define PACKAGE_STRING "ICU 73.2"
| #define PACKAGE_BUGREPORT "http://icu-project.org/bugs"
| #define PACKAGE_URL "http://icu-project.org"
| #define STDC_HEADERS 1
| #define HAVE_SYS_TYPES_H 1
| #define HAVE_SYS_STAT_H 1
| #define HAVE_STDLIB_H 1
| #define HAVE_STRING_H 1
| #define HAVE_MEMORY_H 1
| #define HAVE_STRINGS_H 1
| #define HAVE_INTTYPES_H 1
| #define HAVE_STDINT_H 1
| #define HAVE_UNISTD_H 1
| #define SIZEOF_VOID_P 8
| #define HAVE_LIBM 1
| #define HAVE_ELF_H 1
| #define HAVE_DLFCN_H 1
| #define HAVE_DLOPEN 1
| #define HAVE_GETTIMEOFDAY 1
| #define HAVE_LIBPTHREAD 1
| #define HAVE_INTTYPES_H 1
| #define HAVE_DIRENT_H 1
| /* end confdefs.h.  */
| #include <stdio.h>
| #ifdef HAVE_SYS_TYPES_H
| # include <sys/types.h>
| #endif
| #ifdef HAVE_SYS_STAT_H
| # include <sys/stat.h>
| #endif
| #ifdef STDC_HEADERS
| # include <stdlib.h>
| # include <stddef.h>
| #else
| # ifdef HAVE_STDLIB_H
| #  include <stdlib.h>
| # endif
| #endif
| #ifdef HAVE_STRING_H
| # if !defined STDC_HEADERS && defined HAVE_MEMORY_H
| #  include <memory.h>
| # endif
| # include <string.h>
| #endif
| #ifdef HAVE_STRINGS_H
| # include <strings.h>
| #endif
| #ifdef HAVE_INTTYPES_H
| # include <inttypes.h>
| #endif
| #ifdef HAVE_STDINT_H
| # include <stdint.h>
| #endif
| #ifdef HAVE_UNISTD_H
| # include <unistd.h>
| #endif
| int
| main ()
| {
| if (sizeof ((uint32_t)))
| 	    return 0;
|   ;
|   return 0;
| }
configure:7301: result: yes
configure:7312: checking for int64_t
configure:7312: gcc -c  -O2 -std=c11 -Wall -pedantic -Wshadow -Wpointer-arith -Wmissing-prototypes -Wwrite-strings  conftest.c >&5
configure:7312: $? = 0
configure:7312: gcc -c  -O2 -std=c11 -Wall -pedantic -Wshadow -Wpointer-arith -Wmissing-prototypes -Wwrite-strings  conftest.c >&5
conftest.c: In function 'main':
conftest.c:64:22: error: expected expression before ')' token
   64 | if (sizeof ((int64_t)))
      |                      ^
configure:7312: $? = 1
configure: failed program was:
| /* confdefs.h */
| #define PACKAGE_NAME "ICU"
| #define PACKAGE_TARNAME "International Components for Unicode"
| #define PACKAGE_VERSION "73.2"
| #define PACKAGE_STRING "ICU 73.2"
| #define PACKAGE_BUGREPORT "http://icu-project.org/bugs"
| #define PACKAGE_URL "http://icu-project.org"
| #define STDC_HEADERS 1
| #define HAVE_SYS_TYPES_H 1
| #define HAVE_SYS_STAT_H 1
| #define HAVE_STDLIB_H 1
| #define HAVE_STRING_H 1
| #define HAVE_MEMORY_H 1
| #define HAVE_STRINGS_H 1
| #define HAVE_INTTYPES_H 1
| #define HAVE_STDINT_H 1
| #define HAVE_UNISTD_H 1
| #define SIZEOF_VOID_P 8
| #define HAVE_LIBM 1
| #define HAVE_ELF_H 1
| #define HAVE_DLFCN_H 1
| #define HAVE_DLOPEN 1
| #define HAVE_GETTIMEOFDAY 1
| #define HAVE_LIBPTHREAD 1
| #define HAVE_INTTYPES_H 1
| #define HAVE_DIRENT_H 1
| /* end confdefs.h.  */
| #include <stdio.h>
| #ifdef HAVE_SYS_TYPES_H
| # include <sys/types.h>
| #endif
| #ifdef HAVE_SYS_STAT_H
| # include <sys/stat.h>
| #endif
| #ifdef STDC_HEADERS
| # include <stdlib.h>
| # include <stddef.h>
| #else
| # ifdef HAVE_STDLIB_H
| #  include <stdlib.h>
| # endif
| #endif
| #ifdef HAVE_STRING_H
| # if !defined STDC_HEADERS && defined HAVE_MEMORY_H
| #  include <memory.h>
| # endif
| # include <string.h>
| #endif
| #ifdef HAVE_STRINGS_H
| # include <strings.h>
| #endif
| #ifdef HAVE_INTTYPES_H
| # include <inttypes.h>
| #endif
| #ifdef HAVE_STDINT_H
| # include <stdint.h>
| #endif
| #ifdef HAVE_UNISTD_H
| # include <unistd.h>
| #endif
| int
| main ()
| {
| if (sizeof ((int64_t)))
| 	    return 0;
|   ;
|   return 0;
| }
configure:7312: result: yes
configure:7323: checking for uint64_t
configure:7323: gcc -c  -O2 -std=c11 -Wall -pedantic -Wshadow -Wpointer-arith -Wmissing-prototypes -Wwrite-strings  conftest.c >&5
configure:7323: $? = 0
configure:7323: gcc -c  -O2 -std=c11 -Wall -pedantic -Wshadow -Wpointer-arith -Wmissing-prototypes -Wwrite-strings  conftest.c >&5
conftest.c: In function 'main':
conftest.c:64:23: error: expected expression before ')' token
   64 | if (sizeof ((uint64_t)))
      |                       ^
configure:7323: $? = 1
configure: failed program was:
| /* confdefs.h */
| #define PACKAGE_NAME "ICU"
| #define PACKAGE_TARNAME "International Components for Unicode"
| #define PACKAGE_VERSION "73.2"
| #define PACKAGE_STRING "ICU 73.2"
| #define PACKAGE_BUGREPORT "http://icu-project.org/bugs"
| #define PACKAGE_URL "http://icu-project.org"
| #define STDC_HEADERS 1
| #define HAVE_SYS_TYPES_H 1
| #define HAVE_SYS_STAT_H 1
| #define HAVE_STDLIB_H 1
| #define HAVE_STRING_H 1
| #define HAVE_MEMORY_H 1
| #define HAVE_STRINGS_H 1
| #define HAVE_INTTYPES_H 1
| #define HAVE_STDINT_H 1
| #define HAVE_UNISTD_H 1
| #define SIZEOF_VOID_P 8
| #define HAVE_LIBM 1
| #define HAVE_ELF_H 1
| #define HAVE_DLFCN_H 1
| #define HAVE_DLOPEN 1
| #define HAVE_GETTIMEOFDAY 1
| #define HAVE_LIBPTHREAD 1
| #define HAVE_INTTYPES_H 1
| #define HAVE_DIRENT_H 1
| /* end confdefs.h.  */
| #include <stdio.h>
| #ifdef HAVE_SYS_TYPES_H
| # include <sys/types.h>
| #endif
| #ifdef HAVE_SYS_STAT_H
| # include <sys/stat.h>
| #endif
| #ifdef STDC_HEADERS
| # include <stdlib.h>
| # include <stddef.h>
| #else
| # ifdef HAVE_STDLIB_H
| #  include <stdlib.h>
| # endif
| #endif
| #ifdef HAVE_STRING_H
| # if !defined STDC_HEADERS && defined HAVE_MEMORY_H
| #  include <memory.h>
| # endif
| # include <string.h>
| #endif
| #ifdef HAVE_STRINGS_H
| # include <strings.h>
| #endif
| #ifdef HAVE_INTTYPES_H
| # include <inttypes.h>
| #endif
| #ifdef HAVE_STDINT_H
| # include <stdint.h>
| #endif
| #ifdef HAVE_UNISTD_H
| # include <unistd.h>
| #endif
| int
| main ()
| {
| if (sizeof ((uint64_t)))
| 	    return 0;
|   ;
|   return 0;
| }
configure:7323: result: yes
configure:7368: checking wchar.h usability
configure:7368: gcc -c  -O2 -std=c11 -Wall -pedantic -Wshadow -Wpointer-arith -Wmissing-prototypes -Wwrite-strings  conftest.c >&5
configure:7368: $? = 0
configure:7368: result: yes
configure:7368: checking wchar.h presence
configure:7368: gcc -E  conftest.c
configure:7368: $? = 0
configure:7368: result: yes
configure:7368: checking for wchar.h
configure:7368: result: yes
configure:7385: checking for library containing wcscpy
configure:7416: gcc -o conftest  -O2 -std=c11 -Wall -pedantic -Wshadow -Wpointer-arith -Wmissing-prototypes -Wwrite-strings   conftest.c -lpthread -lm  >&5
configure:7416: $? = 0
configure:7433: result: none required
configure:7455: checking size of wchar_t
configure:7460: gcc -o conftest  -O2 -std=c11 -Wall -pedantic -Wshadow -Wpointer-arith -Wmissing-prototypes -Wwrite-strings   conftest.c -lpthread -lm  >&5
configure:7460: $? = 0
configure:7460: ./conftest
configure:7460: $? = 0
configure:7483: result: 4
configure:7501: checking for UTF-16 string literal support
configure:7609: gcc -c  -O2 -std=c11 -Wall -pedantic -Wshadow -Wpointer-arith -Wmissing-prototypes -Wwrite-strings  conftest.c >&5
conftest.c:31:29: warning: 'test' defined but not used [-Wunused-const-variable=]
   31 | static const unsigned short test[] = u"This is a UTF16 literal string.";
      |                             ^~~~
configure:7609: $? = 0
configure:7640: g++ -c  -O2 -W -Wall -pedantic -Wpointer-arith -Wwrite-strings -Wno-long-long -std=c++11  conftest.cpp >&5
configure:7640: $? = 0
configure:7661: result: available
configure:7868: checking for a library suffix to use
configure:7882: result: none
configure:7991: checking whether C++ compiler accepts -Wambiguous-reversed-operator
configure:8010: g++ -c  -O2 -W -Wall -pedantic -Wpointer-arith -Wwrite-strings -Wno-long-long -std=c++11 -Werror -Wambiguous-reversed-operator  conftest.cpp >&5
g++: error: unrecognized command-line option '-Wambiguous-reversed-operator'
configure:8010: $? = 1
configure: failed program was:
| /* confdefs.h */
| #define PACKAGE_NAME "ICU"
| #define PACKAGE_TARNAME "International Components for Unicode"
| #define PACKAGE_VERSION "73.2"
| #define PACKAGE_STRING "ICU 73.2"
| #define PACKAGE_BUGREPORT "http://icu-project.org/bugs"
| #define PACKAGE_URL "http://icu-project.org"
| #define STDC_HEADERS 1
| #define HAVE_SYS_TYPES_H 1
| #define HAVE_SYS_STAT_H 1
| #define HAVE_STDLIB_H 1
| #define HAVE_STRING_H 1
| #define HAVE_MEMORY_H 1
| #define HAVE_STRINGS_H 1
| #define HAVE_INTTYPES_H 1
| #define HAVE_STDINT_H 1
| #define HAVE_UNISTD_H 1
| #define SIZEOF_VOID_P 8
| #define HAVE_LIBM 1
| #define HAVE_ELF_H 1
| #define HAVE_DLFCN_H 1
| #define HAVE_DLOPEN 1
| #define HAVE_GETTIMEOFDAY 1
| #define HAVE_LIBPTHREAD 1
| #define HAVE_INTTYPES_H 1
| #define HAVE_DIRENT_H 1
| #define HAVE_WCHAR_H 1
| #define SIZEOF_WCHAR_T 4
| /* end confdefs.h.  */
| 
| int
| main ()
| {
| 
|   ;
|   return 0;
| }
configure:8018: result: no
configure:8207: creating ./config.status

## ---------------------- ##
## Running config.status. ##
## ---------------------- ##

This file was extended by ICU config.status 73.2, which was
generated by GNU Autoconf 2.69.  Invocation command line was

  CONFIG_FILES    = 
  CONFIG_HEADERS  = 
  CONFIG_LINKS    = 
  CONFIG_COMMANDS = 
  $ ./config.status 

on WK5CG0217Y8NMID

config.status:899: creating icudefs.mk
config.status:899: creating Makefile
config.status:899: creating data/pkgdataMakefile
config.status:899: creating config/Makefile.inc
config.status:899: creating config/icu.pc
config.status:899: creating config/pkgdataMakefile
config.status:899: creating data/Makefile
config.status:899: creating stubdata/Makefile
config.status:899: creating common/Makefile
config.status:899: creating i18n/Makefile
config.status:899: creating layoutex/Makefile
config.status:899: creating io/Makefile
config.status:899: creating extra/Makefile
config.status:899: creating extra/uconv/Makefile
config.status:899: creating extra/uconv/pkgdataMakefile
config.status:899: creating extra/scrptrun/Makefile
config.status:899: creating tools/Makefile
config.status:899: creating tools/ctestfw/Makefile
config.status:899: creating tools/toolutil/Makefile
config.status:899: creating tools/makeconv/Makefile
config.status:899: creating tools/genrb/Makefile
config.status:899: creating tools/genccode/Makefile
config.status:899: creating tools/gencmn/Makefile
config.status:899: creating tools/gencnval/Makefile
config.status:899: creating tools/gendict/Makefile
config.status:899: creating tools/gentest/Makefile
config.status:899: creating tools/gennorm2/Makefile
config.status:899: creating tools/genbrk/Makefile
config.status:899: creating tools/gensprep/Makefile
config.status:899: creating tools/icuinfo/Makefile
config.status:899: creating tools/icupkg/Makefile
config.status:899: creating tools/icuswap/Makefile
config.status:899: creating tools/pkgdata/Makefile
config.status:899: creating tools/icuexportdata/Makefile
config.status:899: creating tools/tzcode/Makefile
config.status:899: creating tools/gencfu/Makefile
config.status:899: creating tools/escapesrc/Makefile
config.status:899: creating test/Makefile
config.status:899: creating test/compat/Makefile
config.status:899: creating test/testdata/Makefile
config.status:899: creating test/testdata/pkgdataMakefile
config.status:899: creating test/hdrtst/Makefile
config.status:899: creating test/intltest/Makefile
config.status:899: creating test/cintltst/Makefile
config.status:899: creating test/iotest/Makefile
config.status:899: creating test/letest/Makefile
config.status:899: creating test/perf/Makefile
config.status:899: creating test/perf/collationperf/Makefile
config.status:899: creating test/perf/collperf/Makefile
config.status:899: creating test/perf/collperf2/Makefile
config.status:899: creating test/perf/dicttrieperf/Makefile
config.status:899: creating test/perf/ubrkperf/Makefile
config.status:899: creating test/perf/charperf/Makefile
config.status:899: creating test/perf/convperf/Makefile
config.status:899: creating test/perf/localecanperf/Makefile
config.status:899: creating test/perf/normperf/Makefile
config.status:899: creating test/perf/DateFmtPerf/Makefile
config.status:899: creating test/perf/howExpensiveIs/Makefile
config.status:899: creating test/perf/strsrchperf/Makefile
config.status:899: creating test/perf/unisetperf/Makefile
config.status:899: creating test/perf/usetperf/Makefile
config.status:899: creating test/perf/ustrperf/Makefile
config.status:899: creating test/perf/utfperf/Makefile
config.status:899: creating test/perf/utrie2perf/Makefile
config.status:899: creating test/perf/leperf/Makefile
config.status:899: creating test/fuzzer/Makefile
config.status:899: creating samples/Makefile
config.status:899: creating samples/date/Makefile
config.status:899: creating samples/cal/Makefile
config.status:899: creating samples/layout/Makefile
configure:9343: checking the version of "/usr/bin/gmake"
configure:9346: result: ok

## ---------------- ##
## Cache variables. ##
## ---------------- ##

ac_cv_build=x86_64-pc-linux-gnu
ac_cv_c_bigendian=no
ac_cv_c_compiler_gnu=yes
ac_cv_cxx_compiler_gnu=yes
ac_cv_env_CCC_set=
ac_cv_env_CCC_value=
ac_cv_env_CC_set=
ac_cv_env_CC_value=
ac_cv_env_CFLAGS_set=
ac_cv_env_CFLAGS_value=
ac_cv_env_CPPFLAGS_set=
ac_cv_env_CPPFLAGS_value=
ac_cv_env_CPP_set=
ac_cv_env_CPP_value=
ac_cv_env_CXXFLAGS_set=
ac_cv_env_CXXFLAGS_value=
ac_cv_env_CXX_set=
ac_cv_env_CXX_value=
ac_cv_env_ICULEHB_CFLAGS_set=
ac_cv_env_ICULEHB_CFLAGS_value=
ac_cv_env_ICULEHB_LIBS_set=
ac_cv_env_ICULEHB_LIBS_value=
ac_cv_env_LDFLAGS_set=
ac_cv_env_LDFLAGS_value=
ac_cv_env_LIBS_set=
ac_cv_env_LIBS_value=
ac_cv_env_PKG_CONFIG_LIBDIR_set=
ac_cv_env_PKG_CONFIG_LIBDIR_value=
ac_cv_env_PKG_CONFIG_PATH_set=
ac_cv_env_PKG_CONFIG_PATH_value=
ac_cv_env_PKG_CONFIG_set=
ac_cv_env_PKG_CONFIG_value=
ac_cv_env_build_alias_set=
ac_cv_env_build_alias_value=
ac_cv_env_host_alias_set=
ac_cv_env_host_alias_value=
ac_cv_env_target_alias_set=
ac_cv_env_target_alias_value=
ac_cv_func_dlopen=yes
ac_cv_func_gettimeofday=yes
ac_cv_func_mmap_ok=yes
ac_cv_func_nl_langinfo=yes
ac_cv_func_popen=yes
ac_cv_func_strtod_l=yes
ac_cv_func_tzset=yes
ac_cv_header_dirent_h=yes
ac_cv_header_dlfcn_h=yes
ac_cv_header_elf_h=yes
ac_cv_header_inttypes_h=yes
ac_cv_header_memory_h=yes
ac_cv_header_stdc=yes
ac_cv_header_stdint_h=yes
ac_cv_header_stdlib_h=yes
ac_cv_header_string_h=yes
ac_cv_header_strings_h=yes
ac_cv_header_sys_stat_h=yes
ac_cv_header_sys_types_h=yes
ac_cv_header_unistd_h=yes
ac_cv_header_wchar_h=yes
ac_cv_header_xlocale_h=no
ac_cv_host=x86_64-pc-linux-gnu
ac_cv_lib_m_floor=yes
ac_cv_lib_pthread_pthread_attr_init=yes
ac_cv_namespace_ok=yes
ac_cv_nl_langinfo_codeset=CODESET
ac_cv_objext=o
ac_cv_override_cxx_allocation_ok=yes
ac_cv_override_placement_new_ok=yes
ac_cv_path_EGREP='/usr/bin/grep -E'
ac_cv_path_GREP=/usr/bin/grep
ac_cv_path_SED=/usr/bin/sed
ac_cv_path_U_MAKE=/usr/bin/gmake
ac_cv_path_install='/usr/bin/install -c'
ac_cv_prog_CPP='gcc -E'
ac_cv_prog_PYTHON=python3
ac_cv_prog_ac_ct_AR=ar
ac_cv_prog_ac_ct_CC=gcc
ac_cv_prog_ac_ct_CXX=g++
ac_cv_prog_ac_ct_RANLIB=ranlib
ac_cv_prog_cc_c89=
ac_cv_prog_cc_g=yes
ac_cv_prog_cxx_g=yes
ac_cv_search_dlopen='none required'
ac_cv_search_wcscpy='none required'
ac_cv_sizeof_void_p=8
ac_cv_sizeof_wchar_t=4
ac_cv_type_int16_t=yes
ac_cv_type_int32_t=yes
ac_cv_type_int64_t=yes
ac_cv_type_int8_t=yes
ac_cv_type_std__string_view=no
ac_cv_type_uint16_t=yes
ac_cv_type_uint32_t=yes
ac_cv_type_uint64_t=yes
ac_cv_type_uint8_t=yes
ac_cv_var_timezone=yes
ac_cv_var_tzname=yes
ax_cv_check_cxxflags__Werror__Wambiguous_reversed_operator=no
icu_cv_host_frag=mh-linux

## ----------------- ##
## Output variables. ##
## ----------------- ##

AR='ar'
ARFLAGS=''
CC='gcc'
CFLAGS=' -O2 -std=c11 -Wall -pedantic -Wshadow -Wpointer-arith -Wmissing-prototypes -Wwrite-strings $(THREADSCFLAGS) '
COMPILE_LINK_ENVVAR=''
CPP='gcc -E'
CPPFLAGS=' $(THREADSCPPFLAGS)  -DU_HAVE_ELF_H=1 -DU_HAVE_STRTOD_L=1 -DU_HAVE_XLOCALE_H=0 '
CXX='g++'
CXXFLAGS=' -O2 -W -Wall -pedantic -Wpointer-arith -Wwrite-strings -Wno-long-long -std=c++11 $(THREADSCXXFLAGS) '
DATA_PACKAGING_MODE='dll'
DATA_TRUE=''
DEFS='-DPACKAGE_NAME=\"ICU\" -DPACKAGE_TARNAME=\"International\ Components\ for\ Unicode\" -DPACKAGE_VERSION=\"73.2\" -DPACKAGE_STRING=\"ICU\ 73.2\" -DPACKAGE_BUGREPORT=\"http://icu-project.org/bugs\" -DPACKAGE_URL=\"http://icu-project.org\" -DSTDC_HEADERS=1 -DHAVE_SYS_TYPES_H=1 -DHAVE_SYS_STAT_H=1 -DHAVE_STDLIB_H=1 -DHAVE_STRING_H=1 -DHAVE_MEMORY_H=1 -DHAVE_STRINGS_H=1 -DHAVE_INTTYPES_H=1 -DHAVE_STDINT_H=1 -DHAVE_UNISTD_H=1 -DSIZEOF_VOID_P=8 -DHAVE_LIBM=1 -DHAVE_ELF_H=1 -DHAVE_DLFCN_H=1 -DHAVE_DLOPEN=1 -DHAVE_GETTIMEOFDAY=1 -DHAVE_LIBPTHREAD=1 -DHAVE_INTTYPES_H=1 -DHAVE_DIRENT_H=1 -DHAVE_WCHAR_H=1 -DSIZEOF_WCHAR_T=4'
DOXYGEN=''
ECHO_C=''
ECHO_N='-n'
ECHO_T=''
EGREP='/usr/bin/grep -E'
ENABLE_DEBUG='0'
ENABLE_RELEASE='1'
ENABLE_RPATH='NO'
ENABLE_SHARED='YES'
ENABLE_STATIC=''
EXEEXT=''
EXTRAS_TRUE=''
FUZZER_TRUE='#'
GENCCODE_ASSEMBLY='-a gcc'
GREP='/usr/bin/grep'
HAVE_MMAP='1'
ICUDATA_CHAR='l'
ICUIO_TRUE=''
ICULEHB_CFLAGS=''
ICULEHB_LIBS=''
ICULIBSUFFIX=''
ICULIBSUFFIXCNAME=''
ICU_ECHO_C=''
ICU_ECHO_N='-n'
ICU_ECHO_T=''
INSTALL_DATA='${INSTALL} -m 644'
INSTALL_ICU_CONFIG='true'
INSTALL_PROGRAM='${INSTALL}'
INSTALL_SCRIPT='${INSTALL}'
LAYOUTEX_TRUE='#'
LDFLAGS=''
LIBCFLAGS=''
LIBCXXFLAGS=''
LIBOBJS=''
LIBS='-lpthread -lm '
LIB_M=''
LIB_THREAD=''
LIB_VERSION='73.2'
LIB_VERSION_MAJOR='73'
LTLIBOBJS=''
OBJEXT='o'
PACKAGE='icu'
PACKAGE_BUGREPORT='http://icu-project.org/bugs'
PACKAGE_NAME='ICU'
PACKAGE_STRING='ICU 73.2'
PACKAGE_TARNAME='International Components for Unicode'
PACKAGE_URL='http://icu-project.org'
PACKAGE_VERSION='73.2'
PATH_SEPARATOR=':'
PKG_CONFIG=''
PKG_CONFIG_LIBDIR=''
PKG_CONFIG_PATH=''
PLUGINS_TRUE='#'
PYTHON='python3'
RANLIB='ranlib'
SAMPLES_TRUE=''
SED='/usr/bin/sed'
SHELL='/bin/bash'
TESTS_TRUE=''
TOOLS_TRUE=''
UCLN_NO_AUTO_CLEANUP='1'
UCONFIG_CFLAGS=''
UCONFIG_CPPFLAGS=''
UCONFIG_CXXFLAGS=' -std=c++11'
UNICODE_VERSION='15.0'
U_DEFAULT_SHOW_DRAFT='1'
U_DISABLE_RENAMING='0'
U_ENABLE_DYLOAD='1'
U_ENABLE_TRACING='0'
U_HAVE_DATA='1'
U_HAVE_DIRENT_H='1'
U_HAVE_EXTRAS='1'
U_HAVE_FUZZER='0'
U_HAVE_ICUIO='1'
U_HAVE_INTTYPES_H='1'
U_HAVE_LAYOUTEX='0'
U_HAVE_LIB_SUFFIX='0'
U_HAVE_NL_LANGINFO_CODESET='1'
U_HAVE_PLACEMENT_NEW='1'
U_HAVE_PLUGINS='0'
U_HAVE_POPEN='1'
U_HAVE_SAMPLES='1'
U_HAVE_STRTOD_L='1'
U_HAVE_TESTS='1'
U_HAVE_TIMEZONE='1'
U_HAVE_TOOLS='1'
U_HAVE_TZNAME='1'
U_HAVE_TZSET='1'
U_HAVE_WCHAR_H='1'
U_HAVE_WCSCPY='1'
U_IS_BIG_ENDIAN='0'
U_MAKE='/usr/bin/gmake'
U_NL_LANGINFO_CODESET='CODESET'
U_OVERRIDE_CXX_ALLOCATION='1'
U_TIMEZONE='timezone'
U_TZNAME='tzname'
U_TZSET='tzset'
VERSION='73.2'
ac_ct_CC='gcc'
ac_ct_CXX='g++'
bindir='${exec_prefix}/bin'
build='x86_64-pc-linux-gnu'
build_alias=''
build_cpu='x86_64'
build_os='linux-gnu'
build_vendor='pc'
cross_buildroot=''
cross_compiling='no'
datadir='${datarootdir}'
datarootdir='${prefix}/share'
docdir='${datarootdir}/doc/${PACKAGE_TARNAME}'
dvidir='${docdir}'
exec_prefix='${prefix}'
host='x86_64-pc-linux-gnu'
host_alias=''
host_cpu='x86_64'
host_os='linux-gnu'
host_vendor='pc'
htmldir='${docdir}'
includedir='${prefix}/include'
infodir='${datarootdir}/info'
libdir='${exec_prefix}/lib'
libexecdir='${exec_prefix}/libexec'
localedir='${datarootdir}/locale'
localstatedir='${prefix}/var'
mandir='${datarootdir}/man'
oldincludedir='/usr/include'
pdfdir='${docdir}'
pkgicudatadir='${datarootdir}'
platform='U_LINUX'
platform_make_fragment='$(top_srcdir)/config/mh-linux'
platform_make_fragment_name='mh-linux'
prefix='/usr/local'
program_transform_name='s,x,x,'
psdir='${docdir}'
runstatedir='${localstatedir}/run'
sbindir='${exec_prefix}/sbin'
sharedstatedir='${prefix}/com'
sysconfdir='${prefix}/etc'
target_alias=''
thepkgicudatadir='${prefix}/share'

## ----------- ##
## confdefs.h. ##
## ----------- ##

/* confdefs.h */
#define PACKAGE_NAME "ICU"
#define PACKAGE_TARNAME "International Components for Unicode"
#define PACKAGE_VERSION "73.2"
#define PACKAGE_STRING "ICU 73.2"
#define PACKAGE_BUGREPORT "http://icu-project.org/bugs"
#define PACKAGE_URL "http://icu-project.org"
#define STDC_HEADERS 1
#define HAVE_SYS_TYPES_H 1
#define HAVE_SYS_STAT_H 1
#define HAVE_STDLIB_H 1
#define HAVE_STRING_H 1
#define HAVE_MEMORY_H 1
#define HAVE_STRINGS_H 1
#define HAVE_INTTYPES_H 1
#define HAVE_STDINT_H 1
#define HAVE_UNISTD_H 1
#define SIZEOF_VOID_P 8
#define HAVE_LIBM 1
#define HAVE_ELF_H 1
#define HAVE_DLFCN_H 1
#define HAVE_DLOPEN 1
#define HAVE_GETTIMEOFDAY 1
#define HAVE_LIBPTHREAD 1
#define HAVE_INTTYPES_H 1
#define HAVE_DIRENT_H 1
#define HAVE_WCHAR_H 1
#define SIZEOF_WCHAR_T 4

configure: exit 0

## ---------------------- ##
## Running config.status. ##
## ---------------------- ##

This file was extended by ICU config.status 73.2, which was
generated by GNU Autoconf 2.69.  Invocation command line was

  CONFIG_FILES    = common/Makefile
  CONFIG_HEADERS  = 
  CONFIG_LINKS    = 
  CONFIG_COMMANDS = 
  $ ./config.status 

on WK5CG0217Y8NMID

config.status:899: creating common/Makefile

## ---------------------- ##
## Running config.status. ##
## ---------------------- ##

This file was extended by ICU config.status 73.2, which was
generated by GNU Autoconf 2.69.  Invocation command line was

  CONFIG_FILES    = tools/makeconv/makeconv.1
  CONFIG_HEADERS  = 
  CONFIG_LINKS    = 
  CONFIG_COMMANDS = 
  $ ./config.status 

on WK5CG0217Y8NMID

config.status:899: creating tools/makeconv/makeconv.1

## ---------------------- ##
## Running config.status. ##
## ---------------------- ##

This file was extended by ICU config.status 73.2, which was
generated by GNU Autoconf 2.69.  Invocation command line was

  CONFIG_FILES    = tools/genrb/derb.1
  CONFIG_HEADERS  = 
  CONFIG_LINKS    = 
  CONFIG_COMMANDS = 
  $ ./config.status 

on WK5CG0217Y8NMID

config.status:899: creating tools/genrb/derb.1

## ---------------------- ##
## Running config.status. ##
## ---------------------- ##

This file was extended by ICU config.status 73.2, which was
generated by GNU Autoconf 2.69.  Invocation command line was

  CONFIG_FILES    = tools/genrb/genrb.1
  CONFIG_HEADERS  = 
  CONFIG_LINKS    = 
  CONFIG_COMMANDS = 
  $ ./config.status 

on WK5CG0217Y8NMID

config.status:899: creating tools/genrb/genrb.1

## ---------------------- ##
## Running config.status. ##
## ---------------------- ##

This file was extended by ICU config.status 73.2, which was
generated by GNU Autoconf 2.69.  Invocation command line was

  CONFIG_FILES    = tools/genbrk/genbrk.1
  CONFIG_HEADERS  = 
  CONFIG_LINKS    = 
  CONFIG_COMMANDS = 
  $ ./config.status 

on WK5CG0217Y8NMID

config.status:899: creating tools/genbrk/genbrk.1

## ---------------------- ##
## Running config.status. ##
## ---------------------- ##

This file was extended by ICU config.status 73.2, which was
generated by GNU Autoconf 2.69.  Invocation command line was

  CONFIG_FILES    = tools/gencnval/gencnval.1
  CONFIG_HEADERS  = 
  CONFIG_LINKS    = 
  CONFIG_COMMANDS = 
  $ ./config.status 

on WK5CG0217Y8NMID

config.status:899: creating tools/gencnval/gencnval.1

## ---------------------- ##
## Running config.status. ##
## ---------------------- ##

This file was extended by ICU config.status 73.2, which was
generated by GNU Autoconf 2.69.  Invocation command line was

  CONFIG_FILES    = tools/gensprep/gensprep.8
  CONFIG_HEADERS  = 
  CONFIG_LINKS    = 
  CONFIG_COMMANDS = 
  $ ./config.status 

on WK5CG0217Y8NMID

config.status:899: creating tools/gensprep/gensprep.8

## ---------------------- ##
## Running config.status. ##
## ---------------------- ##

This file was extended by ICU config.status 73.2, which was
generated by GNU Autoconf 2.69.  Invocation command line was

  CONFIG_FILES    = tools/genccode/genccode.8
  CONFIG_HEADERS  = 
  CONFIG_LINKS    = 
  CONFIG_COMMANDS = 
  $ ./config.status 

on WK5CG0217Y8NMID

config.status:899: creating tools/genccode/genccode.8

## ---------------------- ##
## Running config.status. ##
## ---------------------- ##

This file was extended by ICU config.status 73.2, which was
generated by GNU Autoconf 2.69.  Invocation command line was

  CONFIG_FILES    = tools/gencmn/gencmn.8
  CONFIG_HEADERS  = 
  CONFIG_LINKS    = 
  CONFIG_COMMANDS = 
  $ ./config.status 

on WK5CG0217Y8NMID

config.status:899: creating tools/gencmn/gencmn.8

## ---------------------- ##
## Running config.status. ##
## ---------------------- ##

This file was extended by ICU config.status 73.2, which was
generated by GNU Autoconf 2.69.  Invocation command line was

  CONFIG_FILES    = tools/icupkg/icupkg.8
  CONFIG_HEADERS  = 
  CONFIG_LINKS    = 
  CONFIG_COMMANDS = 
  $ ./config.status 

on WK5CG0217Y8NMID

config.status:899: creating tools/icupkg/icupkg.8

## ---------------------- ##
## Running config.status. ##
## ---------------------- ##

This file was extended by ICU config.status 73.2, which was
generated by GNU Autoconf 2.69.  Invocation command line was

  CONFIG_FILES    = tools/pkgdata/pkgdata.1
  CONFIG_HEADERS  = 
  CONFIG_LINKS    = 
  CONFIG_COMMANDS = 
  $ ./config.status 

on WK5CG0217Y8NMID

config.status:899: creating tools/pkgdata/pkgdata.1

## ---------------------- ##
## Running config.status. ##
## ---------------------- ##

This file was extended by ICU config.status 73.2, which was
generated by GNU Autoconf 2.69.  Invocation command line was

  CONFIG_FILES    = tools/gencfu/gencfu.1
  CONFIG_HEADERS  = 
  CONFIG_LINKS    = 
  CONFIG_COMMANDS = 
  $ ./config.status 

on WK5CG0217Y8NMID

config.status:899: creating tools/gencfu/gencfu.1

## ---------------------- ##
## Running config.status. ##
## ---------------------- ##

This file was extended by ICU config.status 73.2, which was
generated by GNU Autoconf 2.69.  Invocation command line was

  CONFIG_FILES    = tools/gendict/gendict.1
  CONFIG_HEADERS  = 
  CONFIG_LINKS    = 
  CONFIG_COMMANDS = 
  $ ./config.status 

on WK5CG0217Y8NMID

config.status:899: creating tools/gendict/gendict.1

## ---------------------- ##
## Running config.status. ##
## ---------------------- ##

This file was extended by ICU config.status 73.2, which was
generated by GNU Autoconf 2.69.  Invocation command line was

  CONFIG_FILES    = tools/icuexportdata/icuexportdata.1
  CONFIG_HEADERS  = 
  CONFIG_LINKS    = 
  CONFIG_COMMANDS = 
  $ ./config.status 

on WK5CG0217Y8NMID

config.status:899: creating tools/icuexportdata/icuexportdata.1

## ---------------------- ##
## Running config.status. ##
## ---------------------- ##

This file was extended by ICU config.status 73.2, which was
generated by GNU Autoconf 2.69.  Invocation command line was

  CONFIG_FILES    = extra/uconv/uconv.1
  CONFIG_HEADERS  = 
  CONFIG_LINKS    = 
  CONFIG_COMMANDS = 
  $ ./config.status 

on WK5CG0217Y8NMID

config.status:899: creating extra/uconv/uconv.1

## ---------------------- ##
## Running config.status. ##
## ---------------------- ##

This file was extended by ICU config.status 73.2, which was
generated by GNU Autoconf 2.69.  Invocation command line was

  CONFIG_FILES    = ./config/icu-config.1
  CONFIG_HEADERS  = 
  CONFIG_LINKS    = 
  CONFIG_COMMANDS = 
  $ ./config.status 

on WK5CG0217Y8NMID

config.status:899: creating ./config/icu-config.1
